<?xml version="1.0" encoding="UTF-8"?>
<!-- Generated by org.testng.reporters.JUnitXMLReporter -->
<testsuite hostname="SagarM-PC" name="Test_LegacyCluster" tests="10" failures="0" timestamp="29 Aug 2016 13:33:39 GMT" time="2.018" errors="0">
  <testcase name="preprocessMatch" time="0.006" classname="com.ixsight.deduplix.automation.testscripts.LegacyCluster"/>
  <testcase name="preprocessMatch" time="0.001" classname="com.ixsight.deduplix.automation.testscripts.LegacyCluster"/>
  <testcase name="preprocessMatch" time="0.001" classname="com.ixsight.deduplix.automation.testscripts.LegacyCluster"/>
  <testcase name="preprocessMatch" time="0.0" classname="com.ixsight.deduplix.automation.testscripts.LegacyCluster"/>
  <testcase name="preprocessMatch" time="0.0" classname="com.ixsight.deduplix.automation.testscripts.LegacyCluster"/>
  <testcase name="preprocessMatch" time="0.001" classname="com.ixsight.deduplix.automation.testscripts.LegacyCluster"/>
  <testcase name="preprocessMatch" time="0.001" classname="com.ixsight.deduplix.automation.testscripts.LegacyCluster"/>
  <testcase name="preprocessMatch" time="1.822" classname="com.ixsight.deduplix.automation.testscripts.LegacyCluster"/>
  <testcase name="preprocessMatch" time="0.001" classname="com.ixsight.deduplix.automation.testscripts.LegacyCluster"/>
  <testcase name="preprocessMatch" time="0.001" classname="com.ixsight.deduplix.automation.testscripts.LegacyCluster"/>
</testsuite> <!-- Test_LegacyCluster -->
